<?xml version="1.0" encoding="UTF-8"?>
<!-- Generated by org.testng.reporters.JUnitReportReporter -->
<testsuite hostname="LAPTOP-NNVCEDO0" failures="0" tests="1" name="com.sentinel.tests.ApiCrudTests" time="4.663" errors="0" timestamp="2025-09-21T19:05:57 IST" skipped="0">
  <testcase classname="com.sentinel.tests.ApiCrudTests" name="testCreateReadUpdateDeleteUser" time="4.663"/>
</testsuite> <!-- com.sentinel.tests.ApiCrudTests -->
